<?xml version="1.0" encoding="UTF-8"?>
<!-- Generated by org.testng.reporters.JUnitXMLReporter -->
<testsuite ignored="0" hostname="DESKTOP-C036CLP" failures="0" tests="4" name="Default test" time="8.757" errors="0" timestamp="2025-01-08T11:12:02 IST">
  <testcase classname="api.test.UserTestProperties" name="testCreateUser" time="3.218"/>
  <testcase classname="api.test.UserTestProperties" name="testGetUserByName" time="1.442"/>
  <testcase classname="api.test.UserTestProperties" name="testUpdateUserByName" time="2.639"/>
  <testcase classname="api.test.UserTestProperties" name="deleteUserByName" time="1.212"/>
</testsuite> <!-- Default test -->
