<?xml version="1.0" encoding="UTF-8"?>
<!-- Generated by org.testng.reporters.JUnitXMLReporter -->
<testsuite ignored="0" hostname="DESKTOP-C036CLP" failures="0" tests="6" name="Test" time="9.768" errors="0" timestamp="2025-01-08T07:01:44 IST">
  <testcase classname="api.test.UserDataDrivenTest" name="testGetUserExcel" time="3.054"/>
  <testcase classname="api.test.UserDataDrivenTest" name="testGetUserExcel" time="1.02"/>
  <testcase classname="api.test.UserDataDrivenTest" name="testGetUserExcel" time="1.015"/>
  <testcase classname="api.test.UserDataDrivenTest" name="testDeleteUser" time="1.057"/>
  <testcase classname="api.test.UserDataDrivenTest" name="testDeleteUser" time="1.019"/>
  <testcase classname="api.test.UserDataDrivenTest" name="testDeleteUser" time="1.04"/>
</testsuite> <!-- Test -->
