<?xml version="1.0" encoding="UTF-8"?>
<testng-results ignored="0" total="4" passed="4" failed="0" skipped="0">
  <reporter-output>
  </reporter-output>
  <suite started-at="2025-01-08T11:11:53 IST" name="Default suite" finished-at="2025-01-08T11:12:02 IST" duration-ms="8757">
    <groups>
    </groups>
    <test started-at="2025-01-08T11:11:53 IST" name="Default test" finished-at="2025-01-08T11:12:02 IST" duration-ms="8757">
      <class name="api.test.UserTestProperties">
        <test-method is-config="true" signature="setupData()[pri:0, instance:api.test.UserTestProperties@7c37508a]" started-at="2025-01-08T11:11:53 IST" name="setupData" finished-at="2025-01-08T11:11:54 IST" duration-ms="187" status="PASS">
          <reporter-output>
          </reporter-output>
        </test-method> <!-- setupData -->
        <test-method signature="testCreateUser()[pri:1, instance:api.test.UserTestProperties@7c37508a]" started-at="2025-01-08T11:11:54 IST" name="testCreateUser" finished-at="2025-01-08T11:11:57 IST" duration-ms="3218" status="PASS">
          <reporter-output>
          </reporter-output>
        </test-method> <!-- testCreateUser -->
        <test-method signature="testGetUserByName()[pri:2, instance:api.test.UserTestProperties@7c37508a]" started-at="2025-01-08T11:11:57 IST" name="testGetUserByName" finished-at="2025-01-08T11:11:58 IST" duration-ms="1442" status="PASS">
          <reporter-output>
          </reporter-output>
        </test-method> <!-- testGetUserByName -->
        <test-method signature="testUpdateUserByName()[pri:3, instance:api.test.UserTestProperties@7c37508a]" started-at="2025-01-08T11:11:58 IST" name="testUpdateUserByName" finished-at="2025-01-08T11:12:01 IST" duration-ms="2639" status="PASS">
          <reporter-output>
          </reporter-output>
        </test-method> <!-- testUpdateUserByName -->
        <test-method signature="deleteUserByName()[pri:4, instance:api.test.UserTestProperties@7c37508a]" started-at="2025-01-08T11:12:01 IST" name="deleteUserByName" finished-at="2025-01-08T11:12:02 IST" duration-ms="1212" status="PASS">
          <reporter-output>
          </reporter-output>
        </test-method> <!-- deleteUserByName -->
      </class> <!-- api.test.UserTestProperties -->
    </test> <!-- Default test -->
  </suite> <!-- Default suite -->
</testng-results>
